Info) VMD for LINUXAMD64, version 1.9.4a57 (April 27, 2022)
Info) http://www.ks.uiuc.edu/Research/vmd/                         
Info) Email questions and bug reports to vmd@ks.uiuc.edu           
Info) Please include this reference in published work using VMD:   
Info)    Humphrey, W., Dalke, A. and Schulten, K., `VMD - Visual   
Info)    Molecular Dynamics', J. Molec. Graphics 1996, 14.1, 33-38.
Info) -------------------------------------------------------------
Info) Multithreading available, 24 CPUs.
Info)   CPU features: SSE2 SSE4.1 AVX AVX2 FMA F16 HT 
Info) Free system memory: 54GB (87%)
Info) Creating CUDA device pool and initializing hardware...
Info) Detected 1 available CUDA accelerator::
Info) [0] NVIDIA T400 4GB       6 SM_7.5 1.4 GHz, 3.6GB RAM SP32 KT AE3 ZC
Info) Detected 1 available TachyonL/OptiX ray tracing accelerator
Info)   Compiling  OptiX shaders on 1 target GPU...
Info) Dynamically loaded 3 plugins in directory:
Info) /scratch/kjoll/software/vmd/lib/vmd/plugins/LINUXAMD64/molfile
view_states/saved_view_matrices.txt
1280 720
RENDER_SERVER_READY
Info) Using plugin xyz for structure file /scratch/kjoll/movie_maker/runs/20251119/run_143107_6570514d/tga_images/geom_f00000000.xyz
Info) Using plugin xyz for coordinates from file /scratch/kjoll/movie_maker/runs/20251119/run_143107_6570514d/tga_images/geom_f00000000.xyz
Info) Determining bond structure from distance search ...
Info) Finished with coordinate file /scratch/kjoll/movie_maker/runs/20251119/run_143107_6570514d/tga_images/geom_f00000000.xyz.
Info) Analyzing structure ...
Info)    Atoms: 252
Info)    Bonds: 285
Info)    Angles: 0  Dihedrals: 0  Impropers: 0  Cross-terms: 0
Info)    Bondtypes: 0  Angletypes: 0  Dihedraltypes: 0  Impropertypes: 0
Info)    Residues: 6
Info)    Waters: 0
Info)    Segments: 1
Info)    Fragments: 6   Protein: 6   Nucleic: 0
cubeplugin) trying to read cube data set 0
Info) Analyzing Volume...
Info)    Grid size: 587x173x333  (128 MB)
Info)    Total voxels: 33816483
Info)    Min: 0  Max: 0.200779  Range: 0.200779
Info)    Computing volume gradient map   (386 MB)
Info) Added volume data, name=hole_f00000000.cube : Gaussian Cube: CUBE FILE GENERATED BY xsh_movie_maker
Info) Using plugin cube for coordinates from file /scratch/kjoll/movie_maker/runs/20251119/run_143107_6570514d/wf_cubes/hole_f00000000.cube
Info) Finished with coordinate file /scratch/kjoll/movie_maker/runs/20251119/run_143107_6570514d/wf_cubes/hole_f00000000.cube.
cubeplugin) trying to read cube data set 0
Info) Analyzing Volume...
Info)    Grid size: 587x173x333  (128 MB)
Info)    Total voxels: 33816483
Info)    Min: 0  Max: 0.185139  Range: 0.185139
Info)    Computing volume gradient map   (386 MB)
Info) Added volume data, name=elec_f00000000.cube : Gaussian Cube: CUBE FILE GENERATED BY xsh_movie_maker
Info) Using plugin cube for coordinates from file /scratch/kjoll/movie_maker/runs/20251119/run_143107_6570514d/wf_cubes/elec_f00000000.cube
Info) Finished with coordinate file /scratch/kjoll/movie_maker/runs/20251119/run_143107_6570514d/wf_cubes/elec_f00000000.cube.
cubeplugin) trying to read cube data set 0
Info) Analyzing Volume...
Info)    Grid size: 587x173x333  (128 MB)
Info)    Total voxels: 33816483
Info)    Min: 0  Max: 0  Range: 0
Info)    Computing volume gradient map   (386 MB)
Info) Added volume data, name=exc_f00000000.cube : Gaussian Cube: CUBE FILE GENERATED BY xsh_movie_maker
Info) Using plugin cube for coordinates from file /scratch/kjoll/movie_maker/runs/20251119/run_143107_6570514d/wf_cubes/exc_f00000000.cube
Info) Finished with coordinate file /scratch/kjoll/movie_maker/runs/20251119/run_143107_6570514d/wf_cubes/exc_f00000000.cube.
Info) Rendering current scene to '/scratch/kjoll/movie_maker/runs/20251119/run_143107_6570514d/tga_images/density_f00000000.tga' ...
Info) Tachyon file generation finished
Info) Executing post-render cmd '"/scratch/kjoll/software/vmd/lib/vmd/tachyon_LINUXAMD64" -numthreads 8 /scratch/kjoll/movie_maker/runs/20251119/run_143107_6570514d/tga_images/density_f00000000.tga -format TARGA -res 3840 2160 -o /scratch/kjoll/movie_maker/runs/20251119/run_143107_6570514d/tga_images/density_f00000000.tga' ...
Tachyon Parallel/Multiprocessor Ray Tracer   Version 0.99.1   
Copyright 1994-2017,    John E. Stone <john.stone@gmail.com> 
------------------------------------------------------------ 
Scene Parsing Time:     0.1557 seconds
Scene contains 98514 objects.
Preprocessing Time:     0.0350 seconds

Rendering Progress:         0% complete            

Rendering Progress:         0% complete            

Rendering Progress:         4% complete            

Rendering Progress:        11% complete            

Rendering Progress:        14% complete            

Rendering Progress:        16% complete            

Rendering Progress:        20% complete            

Rendering Progress:        30% complete            

Rendering Progress:        37% complete            

Rendering Progress:        40% complete            

Rendering Progress:        46% complete            

Rendering Progress:        48% complete            

Rendering Progress:        49% complete            

Rendering Progress:        57% complete            

Rendering Progress:        66% complete            

Rendering Progress:        72% complete            

Rendering Progress:        91% complete            

Rendering Progress:        98% complete            

Rendering Progress:       100% complete            
  Ray Tracing Time:    21.0229 seconds
    Image I/O Time:     0.0491 seconds
Info) Rendering complete.
FRAME_DONE /scratch/kjoll/movie_maker/runs/20251119/run_143107_6570514d/tga_images/density_f00000000.tga
Info) Using plugin xyz for structure file /scratch/kjoll/movie_maker/runs/20251119/run_143107_6570514d/tga_images/geom_f00000001.xyz
Info) Using plugin xyz for coordinates from file /scratch/kjoll/movie_maker/runs/20251119/run_143107_6570514d/tga_images/geom_f00000001.xyz
Info) Determining bond structure from distance search ...
Info) Finished with coordinate file /scratch/kjoll/movie_maker/runs/20251119/run_143107_6570514d/tga_images/geom_f00000001.xyz.
Info) Analyzing structure ...
Info)    Atoms: 252
Info)    Bonds: 285
Info)    Angles: 0  Dihedrals: 0  Impropers: 0  Cross-terms: 0
Info)    Bondtypes: 0  Angletypes: 0  Dihedraltypes: 0  Impropertypes: 0
Info)    Residues: 6
Info)    Waters: 0
Info)    Segments: 1
Info)    Fragments: 6   Protein: 6   Nucleic: 0
cubeplugin) trying to read cube data set 0
Info) Analyzing Volume...
Info)    Grid size: 587x173x333  (128 MB)
Info)    Total voxels: 33816483
Info)    Min: 0  Max: 0.200194  Range: 0.200194
Info)    Computing volume gradient map   (386 MB)
Info) Added volume data, name=hole_f00000001.cube : Gaussian Cube: CUBE FILE GENERATED BY xsh_movie_maker
Info) Using plugin cube for coordinates from file /scratch/kjoll/movie_maker/runs/20251119/run_143107_6570514d/wf_cubes/hole_f00000001.cube
Info) Finished with coordinate file /scratch/kjoll/movie_maker/runs/20251119/run_143107_6570514d/wf_cubes/hole_f00000001.cube.
cubeplugin) trying to read cube data set 0
Info) Analyzing Volume...
Info)    Grid size: 587x173x333  (128 MB)
Info)    Total voxels: 33816483
Info)    Min: 0  Max: 0.18324  Range: 0.18324
Info)    Computing volume gradient map   (386 MB)
Info) Added volume data, name=elec_f00000001.cube : Gaussian Cube: CUBE FILE GENERATED BY xsh_movie_maker
Info) Using plugin cube for coordinates from file /scratch/kjoll/movie_maker/runs/20251119/run_143107_6570514d/wf_cubes/elec_f00000001.cube
Info) Finished with coordinate file /scratch/kjoll/movie_maker/runs/20251119/run_143107_6570514d/wf_cubes/elec_f00000001.cube.
cubeplugin) trying to read cube data set 0
Info) Analyzing Volume...
Info)    Grid size: 587x173x333  (128 MB)
Info)    Total voxels: 33816483
Info)    Min: 0  Max: 0.00285483  Range: 0.00285483
Info)    Computing volume gradient map   (386 MB)
Info) Added volume data, name=exc_f00000001.cube : Gaussian Cube: CUBE FILE GENERATED BY xsh_movie_maker
Info) Using plugin cube for coordinates from file /scratch/kjoll/movie_maker/runs/20251119/run_143107_6570514d/wf_cubes/exc_f00000001.cube
Info) Finished with coordinate file /scratch/kjoll/movie_maker/runs/20251119/run_143107_6570514d/wf_cubes/exc_f00000001.cube.
Info) Rendering current scene to '/scratch/kjoll/movie_maker/runs/20251119/run_143107_6570514d/tga_images/density_f00000001.tga' ...
Info) Tachyon file generation finished
Info) Executing post-render cmd '"/scratch/kjoll/software/vmd/lib/vmd/tachyon_LINUXAMD64" -numthreads 8 /scratch/kjoll/movie_maker/runs/20251119/run_143107_6570514d/tga_images/density_f00000001.tga -format TARGA -res 3840 2160 -o /scratch/kjoll/movie_maker/runs/20251119/run_143107_6570514d/tga_images/density_f00000001.tga' ...
Tachyon Parallel/Multiprocessor Ray Tracer   Version 0.99.1   
Copyright 1994-2017,    John E. Stone <john.stone@gmail.com> 
------------------------------------------------------------ 
Scene Parsing Time:     0.1648 seconds
Scene contains 98438 objects.
Preprocessing Time:     0.0306 seconds

Rendering Progress:         0% complete            

Rendering Progress:        16% complete            

Rendering Progress:        28% complete            

Rendering Progress:        30% complete            

Rendering Progress:        41% complete            

Rendering Progress:        53% complete            

Rendering Progress:        55% complete            

Rendering Progress:        75% complete            

Rendering Progress:        95% complete            

Rendering Progress:       100% complete            
  Ray Tracing Time:    20.8670 seconds
    Image I/O Time:     0.0500 seconds
Info) Rendering complete.
FRAME_DONE /scratch/kjoll/movie_maker/runs/20251119/run_143107_6570514d/tga_images/density_f00000001.tga
4
Info) VMD for LINUXAMD64, version 1.9.4a57 (April 27, 2022)
Info) Exiting normally.
